<?xml version="1.0" encoding="UTF-8"?>
<!-- Generated by org.testng.reporters.JUnitXMLReporter -->
<testsuite ignored="0" hostname="Vignesh" failures="1" tests="4" name="SauceDemo_LoginPage_Validation_Test" time="7.414" errors="0" timestamp="2025-07-11T10:52:54 IST">
  <testcase classname="org.page.saucedemo.SauceDemo_LoginPage_Validation" name="testCase3" time="2.614"/>
  <testcase classname="org.page.saucedemo.SauceDemo_LoginPage_Validation" name="testCase2" time="1.648"/>
  <testcase classname="org.page.saucedemo.SauceDemo_LoginPage_Validation" name="testCase1" time="1.788"/>
  <testcase classname="org.page.saucedemo.SauceDemo_LoginPage_Validation" name="testCase4" time="1.317">
    <failure type="java.lang.AssertionError" message="The following asserts failed:
	expected [true] but found [false]">
      <![CDATA[java.lang.AssertionError: The following asserts failed:
expected [true] but found [false]
at org.page.saucedemo.SauceDemo_LoginPage_Validation.testCase4(SauceDemo_LoginPage_Validation.java:95)
at java.base/java.util.ArrayList.forEach(ArrayList.java:1596)
... Removed 27 stack frames]]>
    </failure>
  </testcase> <!-- testCase4 -->
</testsuite> <!-- SauceDemo_LoginPage_Validation_Test -->
